Using pre-set license
Built from '2021.3/staging' branch; Version is '2021.3.6f1 (7da38d85baf6) revision 8233869'; Using compiler version '192829333'; Build Type 'Release'
OS: 'Windows 10  (10.0.19045) 64bit Core' Language: 'en' Physical Memory: 15789 MB
BatchMode: 1, IsHumanControllingUs: 0, StartBugReporterOnCrash: 0, Is64bit: 1, IsPro: 1

COMMAND LINE ARGUMENTS:
C:\Program Files\Unity\Hub\Editor\2021.3.6f1\Editor\Unity.exe
-adb2
-batchMode
-noUpm
-name
AssetImportWorker0
-projectPath
D:/Made Games/Color Launch
-logFile
Logs/AssetImportWorker0.log
-srvPort
49626
Successfully changed project path to: D:/Made Games/Color Launch
D:/Made Games/Color Launch
[UnityMemory] Configuration Parameters - Can be set up in boot.config
    "memorysetup-bucket-allocator-granularity=16"
    "memorysetup-bucket-allocator-bucket-count=8"
    "memorysetup-bucket-allocator-block-size=33554432"
    "memorysetup-bucket-allocator-block-count=8"
    "memorysetup-main-allocator-block-size=16777216"
    "memorysetup-thread-allocator-block-size=16777216"
    "memorysetup-gfx-main-allocator-block-size=16777216"
    "memorysetup-gfx-thread-allocator-block-size=16777216"
    "memorysetup-cache-allocator-block-size=4194304"
    "memorysetup-typetree-allocator-block-size=2097152"
    "memorysetup-profiler-bucket-allocator-granularity=16"
    "memorysetup-profiler-bucket-allocator-bucket-count=8"
    "memorysetup-profiler-bucket-allocator-block-size=33554432"
    "memorysetup-profiler-bucket-allocator-block-count=8"
    "memorysetup-profiler-allocator-block-size=16777216"
    "memorysetup-profiler-editor-allocator-block-size=1048576"
    "memorysetup-temp-allocator-size-main=16777216"
    "memorysetup-job-temp-allocator-block-size=2097152"
    "memorysetup-job-temp-allocator-block-size-background=1048576"
    "memorysetup-job-temp-allocator-reduction-small-platforms=262144"
    "memorysetup-temp-allocator-size-background-worker=32768"
    "memorysetup-temp-allocator-size-job-worker=262144"
    "memorysetup-temp-allocator-size-preload-manager=33554432"
    "memorysetup-temp-allocator-size-nav-mesh-worker=65536"
    "memorysetup-temp-allocator-size-audio-worker=65536"
    "memorysetup-temp-allocator-size-cloud-worker=32768"
    "memorysetup-temp-allocator-size-gi-baking-worker=262144"
    "memorysetup-temp-allocator-size-gfx=262144"
Refreshing native plugins compatible for Editor in 77.55 ms, found 3 plugins.
Preloading 0 native plugins for Editor in 0.00 ms.
Initialize engine version: 2021.3.6f1 (7da38d85baf6)
[Subsystems] Discovering subsystems at path C:/Program Files/Unity/Hub/Editor/2021.3.6f1/Editor/Data/Resources/UnitySubsystems
[Subsystems] Discovering subsystems at path D:/Made Games/Color Launch/Assets
GfxDevice: creating device client; threaded=0; jobified=0
Direct3D:
    Version:  Direct3D 11.0 [level 11.1]
    Renderer: NVIDIA GeForce GTX 1660 Ti (ID=0x2191)
    Vendor:   NVIDIA
    VRAM:     5991 MB
    Driver:   30.0.15.1295
Initialize mono
Mono path[0] = 'C:/Program Files/Unity/Hub/Editor/2021.3.6f1/Editor/Data/Managed'
Mono path[1] = 'C:/Program Files/Unity/Hub/Editor/2021.3.6f1/Editor/Data/MonoBleedingEdge/lib/mono/unityjit-win32'
Mono config path = 'C:/Program Files/Unity/Hub/Editor/2021.3.6f1/Editor/Data/MonoBleedingEdge/etc'
Using monoOptions --debugger-agent=transport=dt_socket,embedding=1,server=y,suspend=n,address=127.0.0.1:56356
Begin MonoManager ReloadAssembly
Registering precompiled unity dll's ...
Register platform support module: C:/Program Files/Unity/Hub/Editor/2021.3.6f1/Editor/Data/PlaybackEngines/WebGLSupport/UnityEditor.WebGL.Extensions.dll
Register platform support module: C:/Program Files/Unity/Hub/Editor/2021.3.6f1/Editor/Data/PlaybackEngines/WindowsStandaloneSupport/UnityEditor.WindowsStandalone.Extensions.dll
Registered in 0.008143 seconds.
Native extension for WindowsStandalone target not found
Native extension for WebGL target not found
Refreshing native plugins compatible for Editor in 78.53 ms, found 3 plugins.
Preloading 0 native plugins for Editor in 0.00 ms.
Mono: successfully reloaded assembly
- Completed reload, in  0.594 seconds
Domain Reload Profiling:
	ReloadAssembly (595ms)
		BeginReloadAssembly (73ms)
			ExecutionOrderSort (0ms)
			DisableScriptedObjects (0ms)
			BackupInstance (0ms)
			ReleaseScriptingObjects (0ms)
			CreateAndSetChildDomain (1ms)
		EndReloadAssembly (413ms)
			LoadAssemblies (71ms)
			RebuildTransferFunctionScriptingTraits (0ms)
			SetupTypeCache (97ms)
			ReleaseScriptCaches (0ms)
			RebuildScriptCaches (26ms)
			SetupLoadedEditorAssemblies (243ms)
				LogAssemblyErrors (0ms)
				InitializePlatformSupportModulesInManaged (9ms)
				SetLoadedEditorAssemblies (0ms)
				RefreshPlugins (79ms)
				BeforeProcessingInitializeOnLoad (1ms)
				ProcessInitializeOnLoadAttributes (113ms)
				ProcessInitializeOnLoadMethodAttributes (41ms)
				AfterProcessingInitializeOnLoad (0ms)
				EditorAssembliesLoaded (0ms)
			ExecutionOrderSort2 (0ms)
			AwakeInstancesAfterBackupRestoration (0ms)
Platform modules already initialized, skipping
Registering precompiled user dll's ...
Registered in 0.003875 seconds.
Begin MonoManager ReloadAssembly
Symbol file LoadedFromMemory doesn't match image D:\Made Games\Color Launch\Library\PackageCache\com.unity.visualscripting@1.7.8\Editor\VisualScripting.Core\Dependencies\YamlDotNet\Unity.VisualScripting.YamlDotNet.dll
Symbol file LoadedFromMemory doesn't match image D:\Made Games\Color Launch\Library\PackageCache\com.unity.visualscripting@1.7.8\Editor\VisualScripting.Core\Dependencies\DotNetZip\Unity.VisualScripting.IonicZip.dll
Native extension for WindowsStandalone target not found
Native extension for WebGL target not found
Refreshing native plugins compatible for Editor in 0.84 ms, found 3 plugins.
Preloading 0 native plugins for Editor in 0.00 ms.
Mono: successfully reloaded assembly
- Completed reload, in  0.993 seconds
Domain Reload Profiling:
	ReloadAssembly (994ms)
		BeginReloadAssembly (107ms)
			ExecutionOrderSort (0ms)
			DisableScriptedObjects (5ms)
			BackupInstance (0ms)
			ReleaseScriptingObjects (0ms)
			CreateAndSetChildDomain (20ms)
		EndReloadAssembly (780ms)
			LoadAssemblies (76ms)
			RebuildTransferFunctionScriptingTraits (0ms)
			SetupTypeCache (241ms)
			ReleaseScriptCaches (1ms)
			RebuildScriptCaches (48ms)
			SetupLoadedEditorAssemblies (365ms)
				LogAssemblyErrors (0ms)
				InitializePlatformSupportModulesInManaged (8ms)
				SetLoadedEditorAssemblies (0ms)
				RefreshPlugins (1ms)
				BeforeProcessingInitializeOnLoad (88ms)
				ProcessInitializeOnLoadAttributes (221ms)
				ProcessInitializeOnLoadMethodAttributes (36ms)
				AfterProcessingInitializeOnLoad (10ms)
				EditorAssembliesLoaded (0ms)
			ExecutionOrderSort2 (0ms)
			AwakeInstancesAfterBackupRestoration (8ms)
Platform modules already initialized, skipping
========================================================================
Worker process is ready to serve import requests
Launched and connected shader compiler UnityShaderCompiler.exe after 0.05 seconds
Refreshing native plugins compatible for Editor in 0.65 ms, found 3 plugins.
Preloading 0 native plugins for Editor in 0.00 ms.
Unloading 3368 Unused Serialized files (Serialized files now loaded: 0)
Unloading 27 unused Assets / (111.0 KB). Loaded Objects now: 3825.
Memory consumption went from 115.9 MB to 115.8 MB.
Total: 3.400300 ms (FindLiveObjects: 0.298000 ms CreateObjectMapping: 0.092000 ms MarkObjects: 2.844100 ms  DeleteObjects: 0.163900 ms)

AssetImportParameters requested are different than current active one (requested -> active):
  custom:video-decoder-ogg-theora: a1e56fd34408186e4bbccfd4996cb3dc -> 
  custom:container-muxer-webm: aa71ff27fc2769a1b78a27578f13a17b -> 
  custom:container-demuxer-webm: 4f35f7cbe854078d1ac9338744f61a02 -> 
  custom:video-encoder-webm-vp8: eb34c28f22e8b96e1ab97ce403110664 -> 
  custom:video-codec-MediaFoundation-h265: 746d11721c4dcdbdad8f713fa42b33f4 -> 
  custom:audio-encoder-webm-vorbis: bf7c407c2cedff20999df2af8eb42d56 -> 
  custom:framework-win-MediaFoundation: 216162199b28c13a410421893ffa2e32 -> 
  custom:container-demuxer-ogg: 62fdf1f143b41e24485cea50d1cbac27 -> 
  custom:video-decoder-webm-vp8: 9c59270c3fd7afecdb556c50c9e8de78 -> 
  custom:audio-decoder-ogg-vorbis: bf7c407c2cedff20999df2af8eb42d56 -> 
========================================================================
Received Import Request.
  Time since last request: 954402.296594 seconds.
  path: Assets/Ground.mat
  artifactKey: Guid(1e382f745ca6ed040ba95cf6632cc231) Importer(815301076,1909f56bfc062723c751e8b465ee728b)
Start importing Assets/Ground.mat using Guid(1e382f745ca6ed040ba95cf6632cc231) Importer(815301076,1909f56bfc062723c751e8b465ee728b)  -> (artifact id: '704b0d619a995a87407fdb7fc81818a8') in 0.169734 seconds 
========================================================================
Received Import Request.
  Time since last request: 56.880977 seconds.
  path: Assets
  artifactKey: Guid(00000000000000001000000000000000) Importer(815301076,1909f56bfc062723c751e8b465ee728b)
Start importing Assets using Guid(00000000000000001000000000000000) Importer(815301076,1909f56bfc062723c751e8b465ee728b)  -> (artifact id: '79842766b460edbeab6a34051e857a80') in 0.005921 seconds 
========================================================================
Received Import Request.
  Time since last request: 322.824280 seconds.
  path: Assets/Launch Pad.mat
  artifactKey: Guid(017b2b6f99801ed40a05d9058ef416f7) Importer(815301076,1909f56bfc062723c751e8b465ee728b)
Start importing Assets/Launch Pad.mat using Guid(017b2b6f99801ed40a05d9058ef416f7) Importer(815301076,1909f56bfc062723c751e8b465ee728b)  -> (artifact id: '41aa4e8843c657fa73be52d9c8cdbcdb') in 0.015485 seconds 
========================================================================
Received Import Request.
  Time since last request: 22.670950 seconds.
  path: Assets/Ground.prefab
  artifactKey: Guid(abe498fb2358d7c4f985be62d1a67878) Importer(815301076,1909f56bfc062723c751e8b465ee728b)
Start importing Assets/Ground.prefab using Guid(abe498fb2358d7c4f985be62d1a67878) Importer(815301076,1909f56bfc062723c751e8b465ee728b)  -> (artifact id: '31628cfbe389b1510212057a503eb169') in 0.028297 seconds 
========================================================================
Received Import Request.
  Time since last request: 6.967044 seconds.
  path: Assets/Launch Pad.prefab
  artifactKey: Guid(b1e8bd19d8ea1d54ab6ee658d380ad12) Importer(815301076,1909f56bfc062723c751e8b465ee728b)
Start importing Assets/Launch Pad.prefab using Guid(b1e8bd19d8ea1d54ab6ee658d380ad12) Importer(815301076,1909f56bfc062723c751e8b465ee728b)  -> (artifact id: '4ad38600f599458ce81ac44c8c90f2b9') in 0.014939 seconds 
========================================================================
Received Import Request.
  Time since last request: 21.429607 seconds.
  path: Assets/Launch Pad.prefab
  artifactKey: Guid(b1e8bd19d8ea1d54ab6ee658d380ad12) Importer(815301076,1909f56bfc062723c751e8b465ee728b)
Start importing Assets/Launch Pad.prefab using Guid(b1e8bd19d8ea1d54ab6ee658d380ad12) Importer(815301076,1909f56bfc062723c751e8b465ee728b)  -> (artifact id: '86cd07bbd84f9dd827ce9255e4af74ec') in 0.012630 seconds 
========================================================================
Received Import Request.
  Time since last request: 0.000021 seconds.
  path: Assets/Launch Pad.mat
  artifactKey: Guid(017b2b6f99801ed40a05d9058ef416f7) Importer(815301076,1909f56bfc062723c751e8b465ee728b)
Start importing Assets/Launch Pad.mat using Guid(017b2b6f99801ed40a05d9058ef416f7) Importer(815301076,1909f56bfc062723c751e8b465ee728b)  -> (artifact id: '5b5c01c7f58345eee0c7e5af3816aefd') in 0.013960 seconds 
========================================================================
Received Import Request.
  Time since last request: 0.000030 seconds.
  path: Assets/Ground.prefab
  artifactKey: Guid(abe498fb2358d7c4f985be62d1a67878) Importer(815301076,1909f56bfc062723c751e8b465ee728b)
Start importing Assets/Ground.prefab using Guid(abe498fb2358d7c4f985be62d1a67878) Importer(815301076,1909f56bfc062723c751e8b465ee728b)  -> (artifact id: 'd2ce2d925ed8d776fe939833f55dddee') in 0.012560 seconds 
========================================================================
Received Import Request.
  Time since last request: 22.304976 seconds.
  path: Assets/Launch Pad 1.mat
  artifactKey: Guid(1f3256aaf5efe3d48a2b29037c8b990e) Importer(815301076,1909f56bfc062723c751e8b465ee728b)
Start importing Assets/Launch Pad 1.mat using Guid(1f3256aaf5efe3d48a2b29037c8b990e) Importer(815301076,1909f56bfc062723c751e8b465ee728b)  -> (artifact id: 'a522a6327c7ae4ec0b395aebc88f6f60') in 0.014160 seconds 
========================================================================
Received Import Request.
  Time since last request: 13.819556 seconds.
  path: Assets/Landing Pag.mat
  artifactKey: Guid(1f3256aaf5efe3d48a2b29037c8b990e) Importer(815301076,1909f56bfc062723c751e8b465ee728b)
Start importing Assets/Landing Pag.mat using Guid(1f3256aaf5efe3d48a2b29037c8b990e) Importer(815301076,1909f56bfc062723c751e8b465ee728b)  -> (artifact id: '9e25d7f6489d7870a9ca34d681fd9d3e') in 0.013085 seconds 
========================================================================
Received Import Request.
  Time since last request: 102.657294 seconds.
  path: Assets/Rocket.prefab
  artifactKey: Guid(88564fa09759b7748a0744dc893d6a68) Importer(815301076,1909f56bfc062723c751e8b465ee728b)
Start importing Assets/Rocket.prefab using Guid(88564fa09759b7748a0744dc893d6a68) Importer(815301076,1909f56bfc062723c751e8b465ee728b)  -> (artifact id: '82bae01997462d7605401a82b81de272') in 0.014657 seconds 
========================================================================
Received Import Request.
  Time since last request: 2.667497 seconds.
  path: Assets/Landing Pag 1.mat
  artifactKey: Guid(3582bfaebfeef004a9db183a01317953) Importer(815301076,1909f56bfc062723c751e8b465ee728b)
Start importing Assets/Landing Pag 1.mat using Guid(3582bfaebfeef004a9db183a01317953) Importer(815301076,1909f56bfc062723c751e8b465ee728b)  -> (artifact id: '0371687ec16f1ea84086d32e4dd9a034') in 0.015147 seconds 
========================================================================
Received Import Request.
  Time since last request: 5.082057 seconds.
  path: Assets/Rocket.mat
  artifactKey: Guid(1f3256aaf5efe3d48a2b29037c8b990e) Importer(815301076,1909f56bfc062723c751e8b465ee728b)
Start importing Assets/Rocket.mat using Guid(1f3256aaf5efe3d48a2b29037c8b990e) Importer(815301076,1909f56bfc062723c751e8b465ee728b)  -> (artifact id: 'fa8d82ddc2d8f6e7fcc4697945c18c47') in 0.014516 seconds 
========================================================================
Received Import Request.
  Time since last request: 47.065968 seconds.
  path: Assets/Rocket.mat
  artifactKey: Guid(1f3256aaf5efe3d48a2b29037c8b990e) Importer(815301076,1909f56bfc062723c751e8b465ee728b)
Start importing Assets/Rocket.mat using Guid(1f3256aaf5efe3d48a2b29037c8b990e) Importer(815301076,1909f56bfc062723c751e8b465ee728b)  -> (artifact id: '538713e2caf9ad2140eab8accc58055e') in 0.022094 seconds 
========================================================================
Received Import Request.
  Time since last request: 18.541698 seconds.
  path: Assets/Scenes/SampleScene.unity
  artifactKey: Guid(9fc0d4010bbf28b4594072e72b8655ab) Importer(815301076,1909f56bfc062723c751e8b465ee728b)
Start importing Assets/Scenes/SampleScene.unity using Guid(9fc0d4010bbf28b4594072e72b8655ab) Importer(815301076,1909f56bfc062723c751e8b465ee728b)  -> (artifact id: '4426d7ba0e6ba165b23d71e046b02e78') in 0.008143 seconds 
========================================================================
Received Import Request.
  Time since last request: 9.432385 seconds.
  path: Assets/Scenes/Sandbox.unity
  artifactKey: Guid(9fc0d4010bbf28b4594072e72b8655ab) Importer(815301076,1909f56bfc062723c751e8b465ee728b)
Start importing Assets/Scenes/Sandbox.unity using Guid(9fc0d4010bbf28b4594072e72b8655ab) Importer(815301076,1909f56bfc062723c751e8b465ee728b)  -> (artifact id: '156e71d9bc04f23d9459418e4b889afb') in 0.005950 seconds 
